  lab14_13.cpp
C:\Users\User\source\repos\MLaTA\lab14_13\lab14_13.cpp(47,38): warning C4101: e: неиспользованная локальная переменная
C:\Users\User\source\repos\MLaTA\lab14_13\lab14_13.cpp(103,18): warning C4267: инициализация: преобразование из "size_t" в "int"; возможна потеря данных
C:\Users\User\source\repos\MLaTA\lab14_13\lab14_13.cpp(126,34): warning C4267: =: преобразование из "size_t" в "int"; возможна потеря данных
C:\Users\User\source\repos\MLaTA\lab14_13\lab14_13.cpp(145,18): warning C4267: инициализация: преобразование из "size_t" в "int"; возможна потеря данных
C:\Users\User\source\repos\MLaTA\lab14_13\lab14_13.cpp(203,25): warning C4267: инициализация: преобразование из "size_t" в "int"; возможна потеря данных
C:\Users\User\source\repos\MLaTA\lab14_13\lab14_13.cpp(221,19): warning C4267: инициализация: преобразование из "size_t" в "int"; возможна потеря данных
C:\Program Files\Microsoft Visual Studio\2022\Community\VC\Tools\MSVC\14.39.33519\include\utility(250,54): warning C4267: инициализация: преобразование из "size_t" в "_Ty2"; возможна потеря данных
C:\Program Files\Microsoft Visual Studio\2022\Community\VC\Tools\MSVC\14.39.33519\include\utility(250,54): warning C4267:         with
C:\Program Files\Microsoft Visual Studio\2022\Community\VC\Tools\MSVC\14.39.33519\include\utility(250,54): warning C4267:         [
C:\Program Files\Microsoft Visual Studio\2022\Community\VC\Tools\MSVC\14.39.33519\include\utility(250,54): warning C4267:             _Ty2=int
C:\Program Files\Microsoft Visual Studio\2022\Community\VC\Tools\MSVC\14.39.33519\include\utility(250,54): warning C4267:         ]
  (компиляция исходного файла "lab14_13.cpp")
  C:\Program Files\Microsoft Visual Studio\2022\Community\VC\Tools\MSVC\14.39.33519\include\utility(250,54):
  контекст создания экземпляра шаблона (сначала самый старый)
  	C:\Users\User\source\repos\MLaTA\lab14_13\lab14_13.cpp(216,26):
  	выполняется компиляция ссылки на экземпляр шаблон функции "std::pair<int,int>::pair<int&,unsigned __int64,0>(_Other1,_Other2 &&) noexcept"
          with
          [
              _Other1=int &,
              _Other2=unsigned __int64
          ]
  		C:\Users\User\source\repos\MLaTA\lab14_13\lab14_13.cpp(216,25):
  		см. первую ссылку на "std::pair<int,int>::pair" в "PassageOfSite"
  
  Создание кода
  3 of 392 functions ( 0.8%) were compiled, the rest were copied from previous compilation.
    0 functions were new in current compilation
    2 functions had inline decision re-evaluated but remain unchanged
  Создание кода завершено
  lab14_13.vcxproj -> C:\Users\User\source\repos\MLaTA\x64\Release\lab14_13.exe
